<?xml version="1.0" encoding="UTF-8"?>
<testsuite name="WallServiceTest" tests="1" skipped="0" failures="0" errors="0" timestamp="2022-05-22T19:09:06" hostname="RSTORAGE" time="0.159">
  <properties/>
  <testcase name="create_comment_should_throw_an_exception" classname="WallServiceTest" time="0.159"/>
  <system-out><![CDATA[]]></system-out>
  <system-err><![CDATA[]]></system-err>
</testsuite>
